[0.128s] DEBUG:colcon:Command line arguments: ['/usr/bin/colcon', 'build', '--symlink-install']
[0.128s] DEBUG:colcon:Parsed command line arguments: Namespace(log_base=None, log_level=None, verb_name='build', build_base='build', install_base='install', merge_install=False, symlink_install=True, test_result_base=None, continue_on_error=False, executor='parallel', parallel_workers=8, event_handlers=None, ignore_user_meta=False, metas=['./colcon.meta'], base_paths=['.'], packages_ignore=None, packages_ignore_regex=None, paths=None, packages_up_to=None, packages_up_to_regex=None, packages_above=None, packages_above_and_dependencies=None, packages_above_depth=None, packages_select_by_dep=None, packages_skip_by_dep=None, packages_skip_up_to=None, packages_select_build_failed=False, packages_skip_build_finished=False, packages_select_test_failures=False, packages_skip_test_passed=False, packages_select=None, packages_skip=None, packages_select_regex=None, packages_skip_regex=None, packages_start=None, packages_end=None, allow_overriding=[], cmake_args=None, cmake_target=None, cmake_target_skip_unavailable=False, cmake_clean_cache=False, cmake_clean_first=False, cmake_force_configure=False, ament_cmake_args=None, catkin_cmake_args=None, catkin_skip_building_tests=False, mixin_files=None, mixin=None, verb_parser=<colcon_mixin.mixin.mixin_argument.MixinArgumentDecorator object at 0xa9293895700>, verb_extension=<colcon_core.verb.build.BuildVerb object at 0xa92948e79e0>, main=<bound method BuildVerb.main of <colcon_core.verb.build.BuildVerb object at 0xa92948e79e0>>, mixin_verb=('build',))
[0.172s] Level 1:colcon.colcon_core.package_discovery:discover_packages(colcon_meta) check parameters
[0.172s] Level 1:colcon.colcon_core.package_discovery:discover_packages(recursive) check parameters
[0.172s] Level 1:colcon.colcon_core.package_discovery:discover_packages(ignore) check parameters
[0.172s] Level 1:colcon.colcon_core.package_discovery:discover_packages(path) check parameters
[0.173s] Level 1:colcon.colcon_core.package_discovery:discover_packages(colcon_meta) discover
[0.173s] Level 1:colcon.colcon_core.package_discovery:discover_packages(recursive) discover
[0.173s] INFO:colcon.colcon_core.package_discovery:Crawling recursively for packages in '/home/jibacem/MASTER/TFM/ros2_ws'
[0.173s] Level 1:colcon.colcon_core.package_identification:_identify(.) by extensions ['ignore', 'ignore_ament_install']
[0.173s] Level 1:colcon.colcon_core.package_identification:_identify(.) by extension 'ignore'
[0.173s] Level 1:colcon.colcon_core.package_identification:_identify(.) by extension 'ignore_ament_install'
[0.173s] Level 1:colcon.colcon_core.package_identification:_identify(.) by extensions ['colcon_pkg']
[0.173s] Level 1:colcon.colcon_core.package_identification:_identify(.) by extension 'colcon_pkg'
[0.173s] Level 1:colcon.colcon_core.package_identification:_identify(.) by extensions ['colcon_meta']
[0.173s] Level 1:colcon.colcon_core.package_identification:_identify(.) by extension 'colcon_meta'
[0.173s] Level 1:colcon.colcon_core.package_identification:_identify(.) by extensions ['ros']
[0.173s] Level 1:colcon.colcon_core.package_identification:_identify(.) by extension 'ros'
[0.202s] Level 1:colcon.colcon_core.package_identification:_identify(.) by extensions ['cmake', 'python']
[0.202s] Level 1:colcon.colcon_core.package_identification:_identify(.) by extension 'cmake'
[0.202s] Level 1:colcon.colcon_core.package_identification:_identify(.) by extension 'python'
[0.202s] Level 1:colcon.colcon_core.package_identification:_identify(.) by extensions ['python_setup_py']
[0.202s] Level 1:colcon.colcon_core.package_identification:_identify(.) by extension 'python_setup_py'
[0.202s] Level 1:colcon.colcon_core.package_identification:_identify(build) by extensions ['ignore', 'ignore_ament_install']
[0.202s] Level 1:colcon.colcon_core.package_identification:_identify(build) by extension 'ignore'
[0.202s] Level 1:colcon.colcon_core.package_identification:_identify(build) ignored
[0.203s] Level 1:colcon.colcon_core.package_identification:_identify(install) by extensions ['ignore', 'ignore_ament_install']
[0.203s] Level 1:colcon.colcon_core.package_identification:_identify(install) by extension 'ignore'
[0.203s] Level 1:colcon.colcon_core.package_identification:_identify(install) ignored
[0.203s] Level 1:colcon.colcon_core.package_identification:_identify(log) by extensions ['ignore', 'ignore_ament_install']
[0.203s] Level 1:colcon.colcon_core.package_identification:_identify(log) by extension 'ignore'
[0.203s] Level 1:colcon.colcon_core.package_identification:_identify(log) ignored
[0.203s] Level 1:colcon.colcon_core.package_identification:_identify(src) by extensions ['ignore', 'ignore_ament_install']
[0.203s] Level 1:colcon.colcon_core.package_identification:_identify(src) by extension 'ignore'
[0.203s] Level 1:colcon.colcon_core.package_identification:_identify(src) by extension 'ignore_ament_install'
[0.203s] Level 1:colcon.colcon_core.package_identification:_identify(src) by extensions ['colcon_pkg']
[0.203s] Level 1:colcon.colcon_core.package_identification:_identify(src) by extension 'colcon_pkg'
[0.203s] Level 1:colcon.colcon_core.package_identification:_identify(src) by extensions ['colcon_meta']
[0.203s] Level 1:colcon.colcon_core.package_identification:_identify(src) by extension 'colcon_meta'
[0.203s] Level 1:colcon.colcon_core.package_identification:_identify(src) by extensions ['ros']
[0.204s] Level 1:colcon.colcon_core.package_identification:_identify(src) by extension 'ros'
[0.204s] Level 1:colcon.colcon_core.package_identification:_identify(src) by extensions ['cmake', 'python']
[0.204s] Level 1:colcon.colcon_core.package_identification:_identify(src) by extension 'cmake'
[0.204s] Level 1:colcon.colcon_core.package_identification:_identify(src) by extension 'python'
[0.204s] Level 1:colcon.colcon_core.package_identification:_identify(src) by extensions ['python_setup_py']
[0.204s] Level 1:colcon.colcon_core.package_identification:_identify(src) by extension 'python_setup_py'
[0.204s] Level 1:colcon.colcon_core.package_identification:_identify(src/sim_ros2_interface) by extensions ['ignore', 'ignore_ament_install']
[0.204s] Level 1:colcon.colcon_core.package_identification:_identify(src/sim_ros2_interface) by extension 'ignore'
[0.204s] Level 1:colcon.colcon_core.package_identification:_identify(src/sim_ros2_interface) by extension 'ignore_ament_install'
[0.204s] Level 1:colcon.colcon_core.package_identification:_identify(src/sim_ros2_interface) by extensions ['colcon_pkg']
[0.204s] Level 1:colcon.colcon_core.package_identification:_identify(src/sim_ros2_interface) by extension 'colcon_pkg'
[0.204s] Level 1:colcon.colcon_core.package_identification:_identify(src/sim_ros2_interface) by extensions ['colcon_meta']
[0.204s] Level 1:colcon.colcon_core.package_identification:_identify(src/sim_ros2_interface) by extension 'colcon_meta'
[0.204s] Level 1:colcon.colcon_core.package_identification:_identify(src/sim_ros2_interface) by extensions ['ros']
[0.204s] Level 1:colcon.colcon_core.package_identification:_identify(src/sim_ros2_interface) by extension 'ros'
[0.208s] DEBUG:colcon.colcon_core.package_identification:Package 'src/sim_ros2_interface' with type 'ros.ament_cmake' and name 'sim_ros2_interface'
[0.208s] Level 1:colcon.colcon_core.package_discovery:discover_packages(recursive) using defaults
[0.208s] Level 1:colcon.colcon_core.package_discovery:discover_packages(ignore) discover
[0.208s] Level 1:colcon.colcon_core.package_discovery:discover_packages(ignore) using defaults
[0.208s] Level 1:colcon.colcon_core.package_discovery:discover_packages(path) discover
[0.208s] Level 1:colcon.colcon_core.package_discovery:discover_packages(path) using defaults
[0.228s] Level 1:colcon.colcon_core.package_discovery:discover_packages(prefix_path) check parameters
[0.228s] Level 1:colcon.colcon_core.package_discovery:discover_packages(prefix_path) discover
[0.229s] WARNING:colcon.colcon_ros.prefix_path.ament:The path '/home/jibacem/MASTER/TFM/ros2_ws/install/sim_ros2_interface' in the environment variable AMENT_PREFIX_PATH doesn't exist
[0.229s] WARNING:colcon.colcon_ros.prefix_path.catkin:The path '/home/jibacem/MASTER/TFM/ros2_ws/install/sim_ros2_interface' in the environment variable CMAKE_PREFIX_PATH doesn't exist
[0.230s] DEBUG:colcon.colcon_installed_package_information.package_discovery:Found 0 installed packages in /home/jibacem/MASTER/TFM/ros2_ws/install
[0.232s] DEBUG:colcon.colcon_installed_package_information.package_discovery:Found 320 installed packages in /opt/ros/jazzy
[0.234s] Level 1:colcon.colcon_core.package_discovery:discover_packages(prefix_path) using defaults
[0.296s] Level 5:colcon.colcon_core.verb:set package 'sim_ros2_interface' build argument 'cmake_args' from command line to 'None'
[0.296s] Level 5:colcon.colcon_core.verb:set package 'sim_ros2_interface' build argument 'cmake_target' from command line to 'None'
[0.296s] Level 5:colcon.colcon_core.verb:set package 'sim_ros2_interface' build argument 'cmake_target_skip_unavailable' from command line to 'False'
[0.297s] Level 5:colcon.colcon_core.verb:set package 'sim_ros2_interface' build argument 'cmake_clean_cache' from command line to 'False'
[0.297s] Level 5:colcon.colcon_core.verb:set package 'sim_ros2_interface' build argument 'cmake_clean_first' from command line to 'False'
[0.297s] Level 5:colcon.colcon_core.verb:set package 'sim_ros2_interface' build argument 'cmake_force_configure' from command line to 'False'
[0.297s] Level 5:colcon.colcon_core.verb:set package 'sim_ros2_interface' build argument 'ament_cmake_args' from command line to 'None'
[0.297s] Level 5:colcon.colcon_core.verb:set package 'sim_ros2_interface' build argument 'catkin_cmake_args' from command line to 'None'
[0.297s] Level 5:colcon.colcon_core.verb:set package 'sim_ros2_interface' build argument 'catkin_skip_building_tests' from command line to 'False'
[0.297s] DEBUG:colcon.colcon_core.verb:Building package 'sim_ros2_interface' with the following arguments: {'ament_cmake_args': None, 'build_base': '/home/jibacem/MASTER/TFM/ros2_ws/build/sim_ros2_interface', 'catkin_cmake_args': None, 'catkin_skip_building_tests': False, 'cmake_args': None, 'cmake_clean_cache': False, 'cmake_clean_first': False, 'cmake_force_configure': False, 'cmake_target': None, 'cmake_target_skip_unavailable': False, 'install_base': '/home/jibacem/MASTER/TFM/ros2_ws/install/sim_ros2_interface', 'merge_install': False, 'path': '/home/jibacem/MASTER/TFM/ros2_ws/src/sim_ros2_interface', 'symlink_install': True, 'test_result_base': None}
[0.297s] INFO:colcon.colcon_core.executor:Executing jobs using 'parallel' executor
[0.298s] DEBUG:colcon.colcon_parallel_executor.executor.parallel:run_until_complete
[0.298s] INFO:colcon.colcon_ros.task.ament_cmake.build:Building ROS package in '/home/jibacem/MASTER/TFM/ros2_ws/src/sim_ros2_interface' with build type 'ament_cmake'
[0.298s] INFO:colcon.colcon_cmake.task.cmake.build:Building CMake package in '/home/jibacem/MASTER/TFM/ros2_ws/src/sim_ros2_interface'
[0.300s] INFO:colcon.colcon_core.plugin_system:Skipping extension 'colcon_core.shell.bat': Not used on non-Windows systems
[0.301s] INFO:colcon.colcon_core.shell:Skip shell extension 'powershell' for command environment: Not usable outside of PowerShell
[0.301s] DEBUG:colcon.colcon_core.shell:Skip shell extension 'dsv' for command environment
[0.309s] DEBUG:colcon.colcon_core.event_handler.log_command:Invoking command in '/home/jibacem/MASTER/TFM/ros2_ws/build/sim_ros2_interface': CMAKE_PREFIX_PATH=${CMAKE_PREFIX_PATH}:/opt/ros/jazzy DEBUGINFOD_URLS=https://debuginfod.ubuntu.com /usr/bin/cmake /home/jibacem/MASTER/TFM/ros2_ws/src/sim_ros2_interface -DAMENT_CMAKE_SYMLINK_INSTALL=1 -DCMAKE_INSTALL_PREFIX=/home/jibacem/MASTER/TFM/ros2_ws/install/sim_ros2_interface
[4.035s] DEBUG:colcon.colcon_core.event_handler.log_command:Invoked command in '/home/jibacem/MASTER/TFM/ros2_ws/build/sim_ros2_interface' returned '0': CMAKE_PREFIX_PATH=${CMAKE_PREFIX_PATH}:/opt/ros/jazzy DEBUGINFOD_URLS=https://debuginfod.ubuntu.com /usr/bin/cmake /home/jibacem/MASTER/TFM/ros2_ws/src/sim_ros2_interface -DAMENT_CMAKE_SYMLINK_INSTALL=1 -DCMAKE_INSTALL_PREFIX=/home/jibacem/MASTER/TFM/ros2_ws/install/sim_ros2_interface
[4.037s] DEBUG:colcon.colcon_core.event_handler.log_command:Invoking command in '/home/jibacem/MASTER/TFM/ros2_ws/build/sim_ros2_interface': CMAKE_PREFIX_PATH=${CMAKE_PREFIX_PATH}:/opt/ros/jazzy DEBUGINFOD_URLS=https://debuginfod.ubuntu.com /usr/bin/cmake --build /home/jibacem/MASTER/TFM/ros2_ws/build/sim_ros2_interface -- -j8 -l8
[146.900s] DEBUG:colcon.colcon_core.event_handler.log_command:Invoked command in '/home/jibacem/MASTER/TFM/ros2_ws/build/sim_ros2_interface' returned '0': CMAKE_PREFIX_PATH=${CMAKE_PREFIX_PATH}:/opt/ros/jazzy DEBUGINFOD_URLS=https://debuginfod.ubuntu.com /usr/bin/cmake --build /home/jibacem/MASTER/TFM/ros2_ws/build/sim_ros2_interface -- -j8 -l8
[146.911s] DEBUG:colcon.colcon_core.event_handler.log_command:Invoking command in '/home/jibacem/MASTER/TFM/ros2_ws/build/sim_ros2_interface': CMAKE_PREFIX_PATH=${CMAKE_PREFIX_PATH}:/opt/ros/jazzy DEBUGINFOD_URLS=https://debuginfod.ubuntu.com /usr/bin/cmake --install /home/jibacem/MASTER/TFM/ros2_ws/build/sim_ros2_interface
[147.152s] Level 1:colcon.colcon_core.environment:create_environment_scripts_only(sim_ros2_interface)
[147.153s] DEBUG:colcon.colcon_core.event_handler.log_command:Invoked command in '/home/jibacem/MASTER/TFM/ros2_ws/build/sim_ros2_interface' returned '0': CMAKE_PREFIX_PATH=${CMAKE_PREFIX_PATH}:/opt/ros/jazzy DEBUGINFOD_URLS=https://debuginfod.ubuntu.com /usr/bin/cmake --install /home/jibacem/MASTER/TFM/ros2_ws/build/sim_ros2_interface
[147.156s] Level 1:colcon.colcon_core.environment:checking '/home/jibacem/MASTER/TFM/ros2_ws/install/sim_ros2_interface' for CMake module files
[147.157s] Level 1:colcon.colcon_core.environment:checking '/home/jibacem/MASTER/TFM/ros2_ws/install/sim_ros2_interface' for CMake config files
[147.157s] Level 1:colcon.colcon_core.shell:create_environment_hook('sim_ros2_interface', 'cmake_prefix_path')
[147.157s] INFO:colcon.colcon_core.shell:Creating environment hook '/home/jibacem/MASTER/TFM/ros2_ws/install/sim_ros2_interface/share/sim_ros2_interface/hook/cmake_prefix_path.ps1'
[147.158s] INFO:colcon.colcon_core.shell:Creating environment descriptor '/home/jibacem/MASTER/TFM/ros2_ws/install/sim_ros2_interface/share/sim_ros2_interface/hook/cmake_prefix_path.dsv'
[147.159s] INFO:colcon.colcon_core.shell:Creating environment hook '/home/jibacem/MASTER/TFM/ros2_ws/install/sim_ros2_interface/share/sim_ros2_interface/hook/cmake_prefix_path.sh'
[147.160s] Level 1:colcon.colcon_core.environment:checking '/home/jibacem/MASTER/TFM/ros2_ws/install/sim_ros2_interface/bin'
[147.160s] Level 1:colcon.colcon_core.environment:checking '/home/jibacem/MASTER/TFM/ros2_ws/install/sim_ros2_interface/lib/pkgconfig/sim_ros2_interface.pc'
[147.160s] Level 1:colcon.colcon_core.environment:checking '/home/jibacem/MASTER/TFM/ros2_ws/install/sim_ros2_interface/lib/python3.12/site-packages'
[147.160s] Level 1:colcon.colcon_core.environment:checking '/home/jibacem/MASTER/TFM/ros2_ws/install/sim_ros2_interface/bin'
[147.161s] INFO:colcon.colcon_core.shell:Creating package script '/home/jibacem/MASTER/TFM/ros2_ws/install/sim_ros2_interface/share/sim_ros2_interface/package.ps1'
[147.161s] INFO:colcon.colcon_core.shell:Creating package descriptor '/home/jibacem/MASTER/TFM/ros2_ws/install/sim_ros2_interface/share/sim_ros2_interface/package.dsv'
[147.162s] INFO:colcon.colcon_core.shell:Creating package script '/home/jibacem/MASTER/TFM/ros2_ws/install/sim_ros2_interface/share/sim_ros2_interface/package.sh'
[147.162s] INFO:colcon.colcon_core.shell:Creating package script '/home/jibacem/MASTER/TFM/ros2_ws/install/sim_ros2_interface/share/sim_ros2_interface/package.bash'
[147.163s] INFO:colcon.colcon_core.shell:Creating package script '/home/jibacem/MASTER/TFM/ros2_ws/install/sim_ros2_interface/share/sim_ros2_interface/package.zsh'
[147.164s] Level 1:colcon.colcon_core.environment:create_file_with_runtime_dependencies(/home/jibacem/MASTER/TFM/ros2_ws/install/sim_ros2_interface/share/colcon-core/packages/sim_ros2_interface)
[147.164s] Level 1:colcon.colcon_core.environment:create_environment_scripts_only(sim_ros2_interface)
[147.165s] Level 1:colcon.colcon_core.environment:checking '/home/jibacem/MASTER/TFM/ros2_ws/install/sim_ros2_interface' for CMake module files
[147.165s] Level 1:colcon.colcon_core.environment:checking '/home/jibacem/MASTER/TFM/ros2_ws/install/sim_ros2_interface' for CMake config files
[147.165s] Level 1:colcon.colcon_core.shell:create_environment_hook('sim_ros2_interface', 'cmake_prefix_path')
[147.166s] INFO:colcon.colcon_core.shell:Creating environment hook '/home/jibacem/MASTER/TFM/ros2_ws/install/sim_ros2_interface/share/sim_ros2_interface/hook/cmake_prefix_path.ps1'
[147.166s] INFO:colcon.colcon_core.shell:Creating environment descriptor '/home/jibacem/MASTER/TFM/ros2_ws/install/sim_ros2_interface/share/sim_ros2_interface/hook/cmake_prefix_path.dsv'
[147.166s] INFO:colcon.colcon_core.shell:Creating environment hook '/home/jibacem/MASTER/TFM/ros2_ws/install/sim_ros2_interface/share/sim_ros2_interface/hook/cmake_prefix_path.sh'
[147.167s] Level 1:colcon.colcon_core.environment:checking '/home/jibacem/MASTER/TFM/ros2_ws/install/sim_ros2_interface/bin'
[147.167s] Level 1:colcon.colcon_core.environment:checking '/home/jibacem/MASTER/TFM/ros2_ws/install/sim_ros2_interface/lib/pkgconfig/sim_ros2_interface.pc'
[147.167s] Level 1:colcon.colcon_core.environment:checking '/home/jibacem/MASTER/TFM/ros2_ws/install/sim_ros2_interface/lib/python3.12/site-packages'
[147.168s] Level 1:colcon.colcon_core.environment:checking '/home/jibacem/MASTER/TFM/ros2_ws/install/sim_ros2_interface/bin'
[147.168s] INFO:colcon.colcon_core.shell:Creating package script '/home/jibacem/MASTER/TFM/ros2_ws/install/sim_ros2_interface/share/sim_ros2_interface/package.ps1'
[147.168s] INFO:colcon.colcon_core.shell:Creating package descriptor '/home/jibacem/MASTER/TFM/ros2_ws/install/sim_ros2_interface/share/sim_ros2_interface/package.dsv'
[147.169s] INFO:colcon.colcon_core.shell:Creating package script '/home/jibacem/MASTER/TFM/ros2_ws/install/sim_ros2_interface/share/sim_ros2_interface/package.sh'
[147.169s] INFO:colcon.colcon_core.shell:Creating package script '/home/jibacem/MASTER/TFM/ros2_ws/install/sim_ros2_interface/share/sim_ros2_interface/package.bash'
[147.170s] INFO:colcon.colcon_core.shell:Creating package script '/home/jibacem/MASTER/TFM/ros2_ws/install/sim_ros2_interface/share/sim_ros2_interface/package.zsh'
[147.170s] Level 1:colcon.colcon_core.environment:create_file_with_runtime_dependencies(/home/jibacem/MASTER/TFM/ros2_ws/install/sim_ros2_interface/share/colcon-core/packages/sim_ros2_interface)
[147.170s] DEBUG:colcon.colcon_parallel_executor.executor.parallel:closing loop
[147.171s] DEBUG:colcon.colcon_parallel_executor.executor.parallel:loop closed
[147.171s] DEBUG:colcon.colcon_parallel_executor.executor.parallel:run_until_complete finished with '0'
[147.171s] DEBUG:colcon.colcon_core.event_reactor:joining thread
[147.181s] INFO:colcon.colcon_core.plugin_system:Skipping extension 'colcon_notification.desktop_notification.terminal_notifier': Not used on non-Darwin systems
[147.181s] INFO:colcon.colcon_core.plugin_system:Skipping extension 'colcon_notification.desktop_notification.win32': Not used on non-Windows systems
[147.181s] INFO:colcon.colcon_notification.desktop_notification:Sending desktop notification using 'notify2'
[147.204s] DEBUG:colcon.colcon_core.event_reactor:joined thread
[147.204s] INFO:colcon.colcon_core.shell:Creating prefix script '/home/jibacem/MASTER/TFM/ros2_ws/install/local_setup.ps1'
[147.205s] INFO:colcon.colcon_core.shell:Creating prefix util module '/home/jibacem/MASTER/TFM/ros2_ws/install/_local_setup_util_ps1.py'
[147.208s] INFO:colcon.colcon_core.shell:Creating prefix chain script '/home/jibacem/MASTER/TFM/ros2_ws/install/setup.ps1'
[147.209s] INFO:colcon.colcon_core.shell:Creating prefix script '/home/jibacem/MASTER/TFM/ros2_ws/install/local_setup.sh'
[147.210s] INFO:colcon.colcon_core.shell:Creating prefix util module '/home/jibacem/MASTER/TFM/ros2_ws/install/_local_setup_util_sh.py'
[147.210s] INFO:colcon.colcon_core.shell:Creating prefix chain script '/home/jibacem/MASTER/TFM/ros2_ws/install/setup.sh'
[147.211s] INFO:colcon.colcon_core.shell:Creating prefix script '/home/jibacem/MASTER/TFM/ros2_ws/install/local_setup.bash'
[147.212s] INFO:colcon.colcon_core.shell:Creating prefix chain script '/home/jibacem/MASTER/TFM/ros2_ws/install/setup.bash'
[147.213s] INFO:colcon.colcon_core.shell:Creating prefix script '/home/jibacem/MASTER/TFM/ros2_ws/install/local_setup.zsh'
[147.213s] INFO:colcon.colcon_core.shell:Creating prefix chain script '/home/jibacem/MASTER/TFM/ros2_ws/install/setup.zsh'
