[0.130s] DEBUG:colcon:Command line arguments: ['/usr/bin/colcon', 'build', '--packages-select', 'controlador_plataforma']
[0.130s] DEBUG:colcon:Parsed command line arguments: Namespace(log_base=None, log_level=None, verb_name='build', build_base='build', install_base='install', merge_install=False, symlink_install=False, test_result_base=None, continue_on_error=False, executor='parallel', parallel_workers=8, event_handlers=None, ignore_user_meta=False, metas=['./colcon.meta'], base_paths=['.'], packages_ignore=None, packages_ignore_regex=None, paths=None, packages_up_to=None, packages_up_to_regex=None, packages_above=None, packages_above_and_dependencies=None, packages_above_depth=None, packages_select_by_dep=None, packages_skip_by_dep=None, packages_skip_up_to=None, packages_select_build_failed=False, packages_skip_build_finished=False, packages_select_test_failures=False, packages_skip_test_passed=False, packages_select=['controlador_plataforma'], packages_skip=None, packages_select_regex=None, packages_skip_regex=None, packages_start=None, packages_end=None, allow_overriding=[], cmake_args=None, cmake_target=None, cmake_target_skip_unavailable=False, cmake_clean_cache=False, cmake_clean_first=False, cmake_force_configure=False, ament_cmake_args=None, catkin_cmake_args=None, catkin_skip_building_tests=False, mixin_files=None, mixin=None, verb_parser=<colcon_mixin.mixin.mixin_argument.MixinArgumentDecorator object at 0x7cee20c9d6d0>, verb_extension=<colcon_core.verb.build.BuildVerb object at 0x7cee21cc79e0>, main=<bound method BuildVerb.main of <colcon_core.verb.build.BuildVerb object at 0x7cee21cc79e0>>, mixin_verb=('build',))
[0.175s] Level 1:colcon.colcon_core.package_discovery:discover_packages(colcon_meta) check parameters
[0.175s] Level 1:colcon.colcon_core.package_discovery:discover_packages(recursive) check parameters
[0.175s] Level 1:colcon.colcon_core.package_discovery:discover_packages(ignore) check parameters
[0.175s] Level 1:colcon.colcon_core.package_discovery:discover_packages(path) check parameters
[0.175s] Level 1:colcon.colcon_core.package_discovery:discover_packages(colcon_meta) discover
[0.175s] Level 1:colcon.colcon_core.package_discovery:discover_packages(recursive) discover
[0.175s] INFO:colcon.colcon_core.package_discovery:Crawling recursively for packages in '/home/jibacem/MASTER/TFM/ros2_ws'
[0.175s] Level 1:colcon.colcon_core.package_identification:_identify(.) by extensions ['ignore', 'ignore_ament_install']
[0.175s] Level 1:colcon.colcon_core.package_identification:_identify(.) by extension 'ignore'
[0.175s] Level 1:colcon.colcon_core.package_identification:_identify(.) by extension 'ignore_ament_install'
[0.175s] Level 1:colcon.colcon_core.package_identification:_identify(.) by extensions ['colcon_pkg']
[0.175s] Level 1:colcon.colcon_core.package_identification:_identify(.) by extension 'colcon_pkg'
[0.176s] Level 1:colcon.colcon_core.package_identification:_identify(.) by extensions ['colcon_meta']
[0.176s] Level 1:colcon.colcon_core.package_identification:_identify(.) by extension 'colcon_meta'
[0.176s] Level 1:colcon.colcon_core.package_identification:_identify(.) by extensions ['ros']
[0.176s] Level 1:colcon.colcon_core.package_identification:_identify(.) by extension 'ros'
[0.204s] Level 1:colcon.colcon_core.package_identification:_identify(.) by extensions ['cmake', 'python']
[0.204s] Level 1:colcon.colcon_core.package_identification:_identify(.) by extension 'cmake'
[0.205s] Level 1:colcon.colcon_core.package_identification:_identify(.) by extension 'python'
[0.205s] Level 1:colcon.colcon_core.package_identification:_identify(.) by extensions ['python_setup_py']
[0.205s] Level 1:colcon.colcon_core.package_identification:_identify(.) by extension 'python_setup_py'
[0.205s] Level 1:colcon.colcon_core.package_identification:_identify(build) by extensions ['ignore', 'ignore_ament_install']
[0.205s] Level 1:colcon.colcon_core.package_identification:_identify(build) by extension 'ignore'
[0.205s] Level 1:colcon.colcon_core.package_identification:_identify(build) ignored
[0.205s] Level 1:colcon.colcon_core.package_identification:_identify(install) by extensions ['ignore', 'ignore_ament_install']
[0.205s] Level 1:colcon.colcon_core.package_identification:_identify(install) by extension 'ignore'
[0.205s] Level 1:colcon.colcon_core.package_identification:_identify(install) ignored
[0.205s] Level 1:colcon.colcon_core.package_identification:_identify(log) by extensions ['ignore', 'ignore_ament_install']
[0.205s] Level 1:colcon.colcon_core.package_identification:_identify(log) by extension 'ignore'
[0.205s] Level 1:colcon.colcon_core.package_identification:_identify(log) ignored
[0.206s] Level 1:colcon.colcon_core.package_identification:_identify(src) by extensions ['ignore', 'ignore_ament_install']
[0.206s] Level 1:colcon.colcon_core.package_identification:_identify(src) by extension 'ignore'
[0.206s] Level 1:colcon.colcon_core.package_identification:_identify(src) by extension 'ignore_ament_install'
[0.206s] Level 1:colcon.colcon_core.package_identification:_identify(src) by extensions ['colcon_pkg']
[0.206s] Level 1:colcon.colcon_core.package_identification:_identify(src) by extension 'colcon_pkg'
[0.206s] Level 1:colcon.colcon_core.package_identification:_identify(src) by extensions ['colcon_meta']
[0.206s] Level 1:colcon.colcon_core.package_identification:_identify(src) by extension 'colcon_meta'
[0.206s] Level 1:colcon.colcon_core.package_identification:_identify(src) by extensions ['ros']
[0.206s] Level 1:colcon.colcon_core.package_identification:_identify(src) by extension 'ros'
[0.206s] Level 1:colcon.colcon_core.package_identification:_identify(src) by extensions ['cmake', 'python']
[0.206s] Level 1:colcon.colcon_core.package_identification:_identify(src) by extension 'cmake'
[0.206s] Level 1:colcon.colcon_core.package_identification:_identify(src) by extension 'python'
[0.206s] Level 1:colcon.colcon_core.package_identification:_identify(src) by extensions ['python_setup_py']
[0.206s] Level 1:colcon.colcon_core.package_identification:_identify(src) by extension 'python_setup_py'
[0.206s] Level 1:colcon.colcon_core.package_identification:_identify(src/controlador_plataforma) by extensions ['ignore', 'ignore_ament_install']
[0.206s] Level 1:colcon.colcon_core.package_identification:_identify(src/controlador_plataforma) by extension 'ignore'
[0.206s] Level 1:colcon.colcon_core.package_identification:_identify(src/controlador_plataforma) by extension 'ignore_ament_install'
[0.207s] Level 1:colcon.colcon_core.package_identification:_identify(src/controlador_plataforma) by extensions ['colcon_pkg']
[0.207s] Level 1:colcon.colcon_core.package_identification:_identify(src/controlador_plataforma) by extension 'colcon_pkg'
[0.207s] Level 1:colcon.colcon_core.package_identification:_identify(src/controlador_plataforma) by extensions ['colcon_meta']
[0.207s] Level 1:colcon.colcon_core.package_identification:_identify(src/controlador_plataforma) by extension 'colcon_meta'
[0.207s] Level 1:colcon.colcon_core.package_identification:_identify(src/controlador_plataforma) by extensions ['ros']
[0.207s] Level 1:colcon.colcon_core.package_identification:_identify(src/controlador_plataforma) by extension 'ros'
[0.209s] DEBUG:colcon.colcon_core.package_identification:Package 'src/controlador_plataforma' with type 'ros.ament_cmake' and name 'controlador_plataforma'
[0.209s] Level 1:colcon.colcon_core.package_identification:_identify(src/sim_ros2_interface) by extensions ['ignore', 'ignore_ament_install']
[0.210s] Level 1:colcon.colcon_core.package_identification:_identify(src/sim_ros2_interface) by extension 'ignore'
[0.210s] Level 1:colcon.colcon_core.package_identification:_identify(src/sim_ros2_interface) by extension 'ignore_ament_install'
[0.210s] Level 1:colcon.colcon_core.package_identification:_identify(src/sim_ros2_interface) by extensions ['colcon_pkg']
[0.210s] Level 1:colcon.colcon_core.package_identification:_identify(src/sim_ros2_interface) by extension 'colcon_pkg'
[0.210s] Level 1:colcon.colcon_core.package_identification:_identify(src/sim_ros2_interface) by extensions ['colcon_meta']
[0.210s] Level 1:colcon.colcon_core.package_identification:_identify(src/sim_ros2_interface) by extension 'colcon_meta'
[0.210s] Level 1:colcon.colcon_core.package_identification:_identify(src/sim_ros2_interface) by extensions ['ros']
[0.210s] Level 1:colcon.colcon_core.package_identification:_identify(src/sim_ros2_interface) by extension 'ros'
[0.212s] DEBUG:colcon.colcon_core.package_identification:Package 'src/sim_ros2_interface' with type 'ros.ament_cmake' and name 'sim_ros2_interface'
[0.212s] Level 1:colcon.colcon_core.package_discovery:discover_packages(recursive) using defaults
[0.212s] Level 1:colcon.colcon_core.package_discovery:discover_packages(ignore) discover
[0.212s] Level 1:colcon.colcon_core.package_discovery:discover_packages(ignore) using defaults
[0.212s] Level 1:colcon.colcon_core.package_discovery:discover_packages(path) discover
[0.212s] Level 1:colcon.colcon_core.package_discovery:discover_packages(path) using defaults
[0.231s] INFO:colcon.colcon_core.package_selection:Skipping not selected package 'sim_ros2_interface' in 'src/sim_ros2_interface'
[0.231s] Level 1:colcon.colcon_core.package_discovery:discover_packages(prefix_path) check parameters
[0.231s] Level 1:colcon.colcon_core.package_discovery:discover_packages(prefix_path) discover
[0.233s] DEBUG:colcon.colcon_installed_package_information.package_discovery:Found 2 installed packages in /home/jibacem/MASTER/TFM/ros2_ws/install
[0.235s] DEBUG:colcon.colcon_installed_package_information.package_discovery:Found 320 installed packages in /opt/ros/jazzy
[0.237s] Level 1:colcon.colcon_core.package_discovery:discover_packages(prefix_path) using defaults
[0.297s] Level 5:colcon.colcon_core.verb:set package 'controlador_plataforma' build argument 'cmake_args' from command line to 'None'
[0.297s] Level 5:colcon.colcon_core.verb:set package 'controlador_plataforma' build argument 'cmake_target' from command line to 'None'
[0.297s] Level 5:colcon.colcon_core.verb:set package 'controlador_plataforma' build argument 'cmake_target_skip_unavailable' from command line to 'False'
[0.297s] Level 5:colcon.colcon_core.verb:set package 'controlador_plataforma' build argument 'cmake_clean_cache' from command line to 'False'
[0.297s] Level 5:colcon.colcon_core.verb:set package 'controlador_plataforma' build argument 'cmake_clean_first' from command line to 'False'
[0.297s] Level 5:colcon.colcon_core.verb:set package 'controlador_plataforma' build argument 'cmake_force_configure' from command line to 'False'
[0.297s] Level 5:colcon.colcon_core.verb:set package 'controlador_plataforma' build argument 'ament_cmake_args' from command line to 'None'
[0.297s] Level 5:colcon.colcon_core.verb:set package 'controlador_plataforma' build argument 'catkin_cmake_args' from command line to 'None'
[0.297s] Level 5:colcon.colcon_core.verb:set package 'controlador_plataforma' build argument 'catkin_skip_building_tests' from command line to 'False'
[0.298s] DEBUG:colcon.colcon_core.verb:Building package 'controlador_plataforma' with the following arguments: {'ament_cmake_args': None, 'build_base': '/home/jibacem/MASTER/TFM/ros2_ws/build/controlador_plataforma', 'catkin_cmake_args': None, 'catkin_skip_building_tests': False, 'cmake_args': None, 'cmake_clean_cache': False, 'cmake_clean_first': False, 'cmake_force_configure': False, 'cmake_target': None, 'cmake_target_skip_unavailable': False, 'install_base': '/home/jibacem/MASTER/TFM/ros2_ws/install/controlador_plataforma', 'merge_install': False, 'path': '/home/jibacem/MASTER/TFM/ros2_ws/src/controlador_plataforma', 'symlink_install': False, 'test_result_base': None}
[0.298s] INFO:colcon.colcon_core.executor:Executing jobs using 'parallel' executor
[0.299s] DEBUG:colcon.colcon_parallel_executor.executor.parallel:run_until_complete
[0.299s] INFO:colcon.colcon_ros.task.ament_cmake.build:Building ROS package in '/home/jibacem/MASTER/TFM/ros2_ws/src/controlador_plataforma' with build type 'ament_cmake'
[0.299s] INFO:colcon.colcon_cmake.task.cmake.build:Building CMake package in '/home/jibacem/MASTER/TFM/ros2_ws/src/controlador_plataforma'
[0.301s] INFO:colcon.colcon_core.plugin_system:Skipping extension 'colcon_core.shell.bat': Not used on non-Windows systems
[0.301s] INFO:colcon.colcon_core.shell:Skip shell extension 'powershell' for command environment: Not usable outside of PowerShell
[0.302s] DEBUG:colcon.colcon_core.shell:Skip shell extension 'dsv' for command environment
[0.313s] DEBUG:colcon.colcon_core.event_handler.log_command:Invoking command in '/home/jibacem/MASTER/TFM/ros2_ws/build/controlador_plataforma': CMAKE_PREFIX_PATH=${CMAKE_PREFIX_PATH}:/opt/ros/jazzy DEBUGINFOD_URLS=https://debuginfod.ubuntu.com /usr/bin/cmake --build /home/jibacem/MASTER/TFM/ros2_ws/build/controlador_plataforma -- -j8 -l8
[6.578s] DEBUG:colcon.colcon_core.event_handler.log_command:Invoked command in '/home/jibacem/MASTER/TFM/ros2_ws/build/controlador_plataforma' returned '0': CMAKE_PREFIX_PATH=${CMAKE_PREFIX_PATH}:/opt/ros/jazzy DEBUGINFOD_URLS=https://debuginfod.ubuntu.com /usr/bin/cmake --build /home/jibacem/MASTER/TFM/ros2_ws/build/controlador_plataforma -- -j8 -l8
[6.589s] DEBUG:colcon.colcon_core.event_handler.log_command:Invoking command in '/home/jibacem/MASTER/TFM/ros2_ws/build/controlador_plataforma': CMAKE_PREFIX_PATH=${CMAKE_PREFIX_PATH}:/opt/ros/jazzy DEBUGINFOD_URLS=https://debuginfod.ubuntu.com /usr/bin/cmake --install /home/jibacem/MASTER/TFM/ros2_ws/build/controlador_plataforma
[6.602s] Level 1:colcon.colcon_core.environment:create_environment_scripts_only(controlador_plataforma)
[6.603s] DEBUG:colcon.colcon_core.event_handler.log_command:Invoked command in '/home/jibacem/MASTER/TFM/ros2_ws/build/controlador_plataforma' returned '0': CMAKE_PREFIX_PATH=${CMAKE_PREFIX_PATH}:/opt/ros/jazzy DEBUGINFOD_URLS=https://debuginfod.ubuntu.com /usr/bin/cmake --install /home/jibacem/MASTER/TFM/ros2_ws/build/controlador_plataforma
[6.605s] Level 1:colcon.colcon_core.environment:checking '/home/jibacem/MASTER/TFM/ros2_ws/install/controlador_plataforma' for CMake module files
[6.606s] Level 1:colcon.colcon_core.environment:checking '/home/jibacem/MASTER/TFM/ros2_ws/install/controlador_plataforma' for CMake config files
[6.606s] Level 1:colcon.colcon_core.shell:create_environment_hook('controlador_plataforma', 'cmake_prefix_path')
[6.606s] INFO:colcon.colcon_core.shell:Creating environment hook '/home/jibacem/MASTER/TFM/ros2_ws/install/controlador_plataforma/share/controlador_plataforma/hook/cmake_prefix_path.ps1'
[6.607s] INFO:colcon.colcon_core.shell:Creating environment descriptor '/home/jibacem/MASTER/TFM/ros2_ws/install/controlador_plataforma/share/controlador_plataforma/hook/cmake_prefix_path.dsv'
[6.608s] INFO:colcon.colcon_core.shell:Creating environment hook '/home/jibacem/MASTER/TFM/ros2_ws/install/controlador_plataforma/share/controlador_plataforma/hook/cmake_prefix_path.sh'
[6.608s] Level 1:colcon.colcon_core.environment:checking '/home/jibacem/MASTER/TFM/ros2_ws/install/controlador_plataforma/lib'
[6.609s] Level 1:colcon.colcon_core.environment:checking '/home/jibacem/MASTER/TFM/ros2_ws/install/controlador_plataforma/bin'
[6.609s] Level 1:colcon.colcon_core.environment:checking '/home/jibacem/MASTER/TFM/ros2_ws/install/controlador_plataforma/lib/pkgconfig/controlador_plataforma.pc'
[6.609s] Level 1:colcon.colcon_core.environment:checking '/home/jibacem/MASTER/TFM/ros2_ws/install/controlador_plataforma/lib/python3.12/site-packages'
[6.609s] Level 1:colcon.colcon_core.environment:checking '/home/jibacem/MASTER/TFM/ros2_ws/install/controlador_plataforma/bin'
[6.610s] INFO:colcon.colcon_core.shell:Creating package script '/home/jibacem/MASTER/TFM/ros2_ws/install/controlador_plataforma/share/controlador_plataforma/package.ps1'
[6.610s] INFO:colcon.colcon_core.shell:Creating package descriptor '/home/jibacem/MASTER/TFM/ros2_ws/install/controlador_plataforma/share/controlador_plataforma/package.dsv'
[6.611s] INFO:colcon.colcon_core.shell:Creating package script '/home/jibacem/MASTER/TFM/ros2_ws/install/controlador_plataforma/share/controlador_plataforma/package.sh'
[6.612s] INFO:colcon.colcon_core.shell:Creating package script '/home/jibacem/MASTER/TFM/ros2_ws/install/controlador_plataforma/share/controlador_plataforma/package.bash'
[6.612s] INFO:colcon.colcon_core.shell:Creating package script '/home/jibacem/MASTER/TFM/ros2_ws/install/controlador_plataforma/share/controlador_plataforma/package.zsh'
[6.613s] Level 1:colcon.colcon_core.environment:create_file_with_runtime_dependencies(/home/jibacem/MASTER/TFM/ros2_ws/install/controlador_plataforma/share/colcon-core/packages/controlador_plataforma)
[6.614s] Level 1:colcon.colcon_core.environment:create_environment_scripts_only(controlador_plataforma)
[6.614s] Level 1:colcon.colcon_core.environment:checking '/home/jibacem/MASTER/TFM/ros2_ws/install/controlador_plataforma' for CMake module files
[6.614s] Level 1:colcon.colcon_core.environment:checking '/home/jibacem/MASTER/TFM/ros2_ws/install/controlador_plataforma' for CMake config files
[6.615s] Level 1:colcon.colcon_core.shell:create_environment_hook('controlador_plataforma', 'cmake_prefix_path')
[6.615s] INFO:colcon.colcon_core.shell:Creating environment hook '/home/jibacem/MASTER/TFM/ros2_ws/install/controlador_plataforma/share/controlador_plataforma/hook/cmake_prefix_path.ps1'
[6.615s] INFO:colcon.colcon_core.shell:Creating environment descriptor '/home/jibacem/MASTER/TFM/ros2_ws/install/controlador_plataforma/share/controlador_plataforma/hook/cmake_prefix_path.dsv'
[6.616s] INFO:colcon.colcon_core.shell:Creating environment hook '/home/jibacem/MASTER/TFM/ros2_ws/install/controlador_plataforma/share/controlador_plataforma/hook/cmake_prefix_path.sh'
[6.616s] Level 1:colcon.colcon_core.environment:checking '/home/jibacem/MASTER/TFM/ros2_ws/install/controlador_plataforma/lib'
[6.616s] Level 1:colcon.colcon_core.environment:checking '/home/jibacem/MASTER/TFM/ros2_ws/install/controlador_plataforma/bin'
[6.616s] Level 1:colcon.colcon_core.environment:checking '/home/jibacem/MASTER/TFM/ros2_ws/install/controlador_plataforma/lib/pkgconfig/controlador_plataforma.pc'
[6.617s] Level 1:colcon.colcon_core.environment:checking '/home/jibacem/MASTER/TFM/ros2_ws/install/controlador_plataforma/lib/python3.12/site-packages'
[6.617s] Level 1:colcon.colcon_core.environment:checking '/home/jibacem/MASTER/TFM/ros2_ws/install/controlador_plataforma/bin'
[6.617s] INFO:colcon.colcon_core.shell:Creating package script '/home/jibacem/MASTER/TFM/ros2_ws/install/controlador_plataforma/share/controlador_plataforma/package.ps1'
[6.618s] INFO:colcon.colcon_core.shell:Creating package descriptor '/home/jibacem/MASTER/TFM/ros2_ws/install/controlador_plataforma/share/controlador_plataforma/package.dsv'
[6.618s] INFO:colcon.colcon_core.shell:Creating package script '/home/jibacem/MASTER/TFM/ros2_ws/install/controlador_plataforma/share/controlador_plataforma/package.sh'
[6.619s] INFO:colcon.colcon_core.shell:Creating package script '/home/jibacem/MASTER/TFM/ros2_ws/install/controlador_plataforma/share/controlador_plataforma/package.bash'
[6.619s] INFO:colcon.colcon_core.shell:Creating package script '/home/jibacem/MASTER/TFM/ros2_ws/install/controlador_plataforma/share/controlador_plataforma/package.zsh'
[6.620s] Level 1:colcon.colcon_core.environment:create_file_with_runtime_dependencies(/home/jibacem/MASTER/TFM/ros2_ws/install/controlador_plataforma/share/colcon-core/packages/controlador_plataforma)
[6.620s] DEBUG:colcon.colcon_parallel_executor.executor.parallel:closing loop
[6.621s] DEBUG:colcon.colcon_parallel_executor.executor.parallel:loop closed
[6.621s] DEBUG:colcon.colcon_parallel_executor.executor.parallel:run_until_complete finished with '0'
[6.621s] DEBUG:colcon.colcon_core.event_reactor:joining thread
[6.628s] INFO:colcon.colcon_core.plugin_system:Skipping extension 'colcon_notification.desktop_notification.terminal_notifier': Not used on non-Darwin systems
[6.628s] INFO:colcon.colcon_core.plugin_system:Skipping extension 'colcon_notification.desktop_notification.win32': Not used on non-Windows systems
[6.628s] INFO:colcon.colcon_notification.desktop_notification:Sending desktop notification using 'notify2'
[6.659s] DEBUG:colcon.colcon_core.event_reactor:joined thread
[6.659s] INFO:colcon.colcon_core.shell:Creating prefix script '/home/jibacem/MASTER/TFM/ros2_ws/install/local_setup.ps1'
[6.660s] INFO:colcon.colcon_core.shell:Creating prefix util module '/home/jibacem/MASTER/TFM/ros2_ws/install/_local_setup_util_ps1.py'
[6.662s] INFO:colcon.colcon_core.shell:Creating prefix chain script '/home/jibacem/MASTER/TFM/ros2_ws/install/setup.ps1'
[6.663s] INFO:colcon.colcon_core.shell:Creating prefix script '/home/jibacem/MASTER/TFM/ros2_ws/install/local_setup.sh'
[6.664s] INFO:colcon.colcon_core.shell:Creating prefix util module '/home/jibacem/MASTER/TFM/ros2_ws/install/_local_setup_util_sh.py'
[6.664s] INFO:colcon.colcon_core.shell:Creating prefix chain script '/home/jibacem/MASTER/TFM/ros2_ws/install/setup.sh'
[6.665s] INFO:colcon.colcon_core.shell:Creating prefix script '/home/jibacem/MASTER/TFM/ros2_ws/install/local_setup.bash'
[6.666s] INFO:colcon.colcon_core.shell:Creating prefix chain script '/home/jibacem/MASTER/TFM/ros2_ws/install/setup.bash'
[6.667s] INFO:colcon.colcon_core.shell:Creating prefix script '/home/jibacem/MASTER/TFM/ros2_ws/install/local_setup.zsh'
[6.667s] INFO:colcon.colcon_core.shell:Creating prefix chain script '/home/jibacem/MASTER/TFM/ros2_ws/install/setup.zsh'
