[0.016s] Invoking command in '/home/jibacem/MASTER/TFM/ros2_ws/build/controlador_plataforma': CMAKE_PREFIX_PATH=${CMAKE_PREFIX_PATH}:/opt/ros/jazzy DEBUGINFOD_URLS=https://debuginfod.ubuntu.com /usr/bin/cmake --build /home/jibacem/MASTER/TFM/ros2_ws/build/controlador_plataforma -- -j8 -l8
[0.211s] [ 50%] [32mBuilding CXX object CMakeFiles/controlador_plataforma_node.dir/src/main.cpp.o[0m
[6.770s] [100%] [32m[1mLinking CXX executable controlador_plataforma_node[0m
[7.063s] [100%] Built target controlador_plataforma_node
[7.075s] Invoked command in '/home/jibacem/MASTER/TFM/ros2_ws/build/controlador_plataforma' returned '0': CMAKE_PREFIX_PATH=${CMAKE_PREFIX_PATH}:/opt/ros/jazzy DEBUGINFOD_URLS=https://debuginfod.ubuntu.com /usr/bin/cmake --build /home/jibacem/MASTER/TFM/ros2_ws/build/controlador_plataforma -- -j8 -l8
[7.088s] Invoking command in '/home/jibacem/MASTER/TFM/ros2_ws/build/controlador_plataforma': CMAKE_PREFIX_PATH=${CMAKE_PREFIX_PATH}:/opt/ros/jazzy DEBUGINFOD_URLS=https://debuginfod.ubuntu.com /usr/bin/cmake --install /home/jibacem/MASTER/TFM/ros2_ws/build/controlador_plataforma
[7.097s] -- Install configuration: ""
[7.101s] -- Installing: /home/jibacem/MASTER/TFM/ros2_ws/install/controlador_plataforma/lib/controlador_plataforma/controlador_plataforma_node
[7.102s] -- Set non-toolchain portion of runtime path of "/home/jibacem/MASTER/TFM/ros2_ws/install/controlador_plataforma/lib/controlador_plataforma/controlador_plataforma_node" to ""
[7.103s] -- Up-to-date: /home/jibacem/MASTER/TFM/ros2_ws/install/controlador_plataforma/share/ament_index/resource_index/package_run_dependencies/controlador_plataforma
[7.103s] -- Up-to-date: /home/jibacem/MASTER/TFM/ros2_ws/install/controlador_plataforma/share/ament_index/resource_index/parent_prefix_path/controlador_plataforma
[7.103s] -- Up-to-date: /home/jibacem/MASTER/TFM/ros2_ws/install/controlador_plataforma/share/controlador_plataforma/environment/ament_prefix_path.sh
[7.103s] -- Up-to-date: /home/jibacem/MASTER/TFM/ros2_ws/install/controlador_plataforma/share/controlador_plataforma/environment/ament_prefix_path.dsv
[7.103s] -- Up-to-date: /home/jibacem/MASTER/TFM/ros2_ws/install/controlador_plataforma/share/controlador_plataforma/environment/path.sh
[7.104s] -- Up-to-date: /home/jibacem/MASTER/TFM/ros2_ws/install/controlador_plataforma/share/controlador_plataforma/environment/path.dsv
[7.104s] -- Up-to-date: /home/jibacem/MASTER/TFM/ros2_ws/install/controlador_plataforma/share/controlador_plataforma/local_setup.bash
[7.104s] -- Up-to-date: /home/jibacem/MASTER/TFM/ros2_ws/install/controlador_plataforma/share/controlador_plataforma/local_setup.sh
[7.104s] -- Up-to-date: /home/jibacem/MASTER/TFM/ros2_ws/install/controlador_plataforma/share/controlador_plataforma/local_setup.zsh
[7.104s] -- Up-to-date: /home/jibacem/MASTER/TFM/ros2_ws/install/controlador_plataforma/share/controlador_plataforma/local_setup.dsv
[7.104s] -- Installing: /home/jibacem/MASTER/TFM/ros2_ws/install/controlador_plataforma/share/controlador_plataforma/package.dsv
[7.104s] -- Up-to-date: /home/jibacem/MASTER/TFM/ros2_ws/install/controlador_plataforma/share/ament_index/resource_index/packages/controlador_plataforma
[7.104s] -- Up-to-date: /home/jibacem/MASTER/TFM/ros2_ws/install/controlador_plataforma/share/controlador_plataforma/cmake/controlador_plataformaConfig.cmake
[7.104s] -- Up-to-date: /home/jibacem/MASTER/TFM/ros2_ws/install/controlador_plataforma/share/controlador_plataforma/cmake/controlador_plataformaConfig-version.cmake
[7.104s] -- Up-to-date: /home/jibacem/MASTER/TFM/ros2_ws/install/controlador_plataforma/share/controlador_plataforma/package.xml
[7.106s] Invoked command in '/home/jibacem/MASTER/TFM/ros2_ws/build/controlador_plataforma' returned '0': CMAKE_PREFIX_PATH=${CMAKE_PREFIX_PATH}:/opt/ros/jazzy DEBUGINFOD_URLS=https://debuginfod.ubuntu.com /usr/bin/cmake --install /home/jibacem/MASTER/TFM/ros2_ws/build/controlador_plataforma
