-- The C compiler identification is GNU 13.3.0
-- The CXX compiler identification is GNU 13.3.0
-- Detecting C compiler ABI info
-- Detecting C compiler ABI info - done
-- Check for working C compiler: /usr/bin/cc - skipped
-- Detecting C compile features
-- Detecting C compile features - done
-- Detecting CXX compiler ABI info
-- Detecting CXX compiler ABI info - done
-- Check for working CXX compiler: /usr/bin/c++ - skipped
-- Detecting CXX compile features
-- Detecting CXX compile features - done
-- Found ament_cmake: 2.5.4 (/opt/ros/jazzy/share/ament_cmake/cmake)
-- Found Python3: /usr/bin/python3 (found version "3.12.3") found components: Interpreter 
-- Override CMake install command with custom implementation using symlinks instead of copying resources
-- Found ament_cmake_ros: 0.12.0 (/opt/ros/jazzy/share/ament_cmake_ros/cmake)
-- Found diagnostic_msgs: 5.3.6 (/opt/ros/jazzy/share/diagnostic_msgs/cmake)
-- Found rosidl_generator_c: 4.6.5 (/opt/ros/jazzy/share/rosidl_generator_c/cmake)
-- Found rosidl_generator_cpp: 4.6.5 (/opt/ros/jazzy/share/rosidl_generator_cpp/cmake)
-- Using all available rosidl_typesupport_c: rosidl_typesupport_fastrtps_c;rosidl_typesupport_introspection_c
-- Using all available rosidl_typesupport_cpp: rosidl_typesupport_fastrtps_cpp;rosidl_typesupport_introspection_cpp
-- Found geometry_msgs: 5.3.6 (/opt/ros/jazzy/share/geometry_msgs/cmake)
-- Found lifecycle_msgs: 2.0.2 (/opt/ros/jazzy/share/lifecycle_msgs/cmake)
-- Found map_msgs: 2.4.1 (/opt/ros/jazzy/share/map_msgs/cmake)
-- Found pendulum_msgs: 0.33.5 (/opt/ros/jazzy/share/pendulum_msgs/cmake)
-- Found rosgraph_msgs: 2.0.2 (/opt/ros/jazzy/share/rosgraph_msgs/cmake)
-- Found shape_msgs: 5.3.6 (/opt/ros/jazzy/share/shape_msgs/cmake)
-- Found stereo_msgs: 5.3.6 (/opt/ros/jazzy/share/stereo_msgs/cmake)
-- Found tf2_geometry_msgs: 0.36.12 (/opt/ros/jazzy/share/tf2_geometry_msgs/cmake)
-- Found eigen3_cmake_module: 0.3.0 (/opt/ros/jazzy/share/eigen3_cmake_module/cmake)
-- Found Eigen3: TRUE (found version "3.4.0") 
-- Ensuring Eigen3 include directory is part of orocos-kdl CMake target
-- Found rmw_implementation_cmake: 7.3.2 (/opt/ros/jazzy/share/rmw_implementation_cmake/cmake)
-- Found rmw_fastrtps_cpp: 8.4.2 (/opt/ros/jazzy/share/rmw_fastrtps_cpp/cmake)
-- Found OpenSSL: /usr/lib/x86_64-linux-gnu/libcrypto.so (found version "3.0.13")  
-- Found FastRTPS: /opt/ros/jazzy/include (Required is at least version "2.13") 
-- Using RMW implementation 'rmw_fastrtps_cpp' as default
-- Found trajectory_msgs: 5.3.6 (/opt/ros/jazzy/share/trajectory_msgs/cmake)
-- Found visualization_msgs: 5.3.6 (/opt/ros/jazzy/share/visualization_msgs/cmake)
-- Found std_srvs: 5.3.6 (/opt/ros/jazzy/share/std_srvs/cmake)
-- Found example_interfaces: 0.12.0 (/opt/ros/jazzy/share/example_interfaces/cmake)
-- Found image_transport: 5.1.7 (/opt/ros/jazzy/share/image_transport/cmake)
-- CoppeliaSim: COPPELIASIM_INCLUDE_DIR: /home/jibacem/Programas/CoppeliaSim/programming/include
-- CoppeliaSim: COPPELIASIM_ROOT_DIR: /home/jibacem/Programas/CoppeliaSim
-- Checking CoppeliaSim header version...
-- CoppeliaSim headers version 4.10.0 rev0
-- CoppeliaSim: COPPELIASIM_RESOURCES_DIR: /home/jibacem/Programas/CoppeliaSim
-- CoppeliaSim: COPPELIASIM_PLUGINS_DIR: /home/jibacem/Programas/CoppeliaSim
-- CoppeliaSim: COPPELIASIM_EXECUTABLES_DIR: /home/jibacem/Programas/CoppeliaSim
-- CoppeliaSim: COPPELIASIM_LIBRARIES_DIR: /home/jibacem/Programas/CoppeliaSim
-- CoppeliaSim: COPPELIASIM_ADDONS_DIR: /home/jibacem/Programas/CoppeliaSim/addOns
-- CoppeliaSim: COPPELIASIM_MANUAL_DIR: /home/jibacem/Programas/CoppeliaSim/manual
-- CoppeliaSim: COPPELIASIM_MODELS_DIR: /home/jibacem/Programas/CoppeliaSim/models
-- CoppeliaSim: COPPELIASIM_SCENES_DIR: /home/jibacem/Programas/CoppeliaSim/scenes
-- CoppeliaSim: COPPELIASIM_LUA_DIR: /home/jibacem/Programas/CoppeliaSim/lua
-- CoppeliaSim: COPPELIASIM_PYTHON_DIR: /home/jibacem/Programas/CoppeliaSim/python
-- CoppeliaSim: COPPELIASIM_EXECUTABLE: /home/jibacem/Programas/CoppeliaSim/coppeliaSim
-- Found Boost: /usr/lib/x86_64-linux-gnu/cmake/Boost-1.83.0/BoostConfig.cmake (found version "1.83.0") found components: regex 
-- Found Git: /usr/bin/git (found version "2.43.0") 
-- Found Boost: /usr/lib/x86_64-linux-gnu/cmake/Boost-1.83.0/BoostConfig.cmake (found version "1.83.0")  
-- Adding simStubsGen command...
-- Reading plugin metadata...
-- Plugin: simROS2
-- Configuring done (3.7s)
-- Generating done (0.0s)
-- Build files have been written to: /home/jibacem/MASTER/TFM/ros2_ws/build/sim_ros2_interface
[ 15%] [34m[1mGenerating generated/actsrv_action_abort.cpp[0m
[ 15%] [34m[1mGenerating generated/actcli_sendGoal.cpp[0m
[ 15%] [34m[1mGenerating generated/actsrv_action_is_active.cpp[0m
[ 15%] [34m[1mGenerating generated/actcli_new.cpp[0m
[ 15%] [34m[1mGenerating generated/actcli_cancelLastGoal.cpp[0m
[ 17%] [34m[1mGenerating generated/actsrv_action_canceled.cpp[0m
[ 15%] [34m[1mGenerating generated/actcli_del.cpp[0m
[ 20%] [34m[1mGenerating generated/actsrv_action_execute.cpp[0m
[ 22%] [34m[1mGenerating generated/actsrv_action_is_canceling.cpp[0m
[ 25%] [34m[1mGenerating generated/actsrv_action_is_executing.cpp[0m
[ 27%] [34m[1mGenerating generated/actsrv_action_publish_feedback.cpp[0m
[ 30%] [34m[1mGenerating generated/actsrv_action_succeed.cpp[0m
[ 32%] [34m[1mGenerating generated/actsrv_new.cpp[0m
[ 35%] [34m[1mGenerating generated/actsrv_del.cpp[0m
[ 37%] [34m[1mGenerating generated/callbacks.cpp[0m
[ 40%] [34m[1mGenerating generated/callbacks.h[0m
[ 42%] [34m[1mGenerating generated/cli_call.cpp[0m
[ 45%] [34m[1mGenerating generated/cli_del.cpp[0m
[ 47%] [34m[1mGenerating generated/cli_new.cpp[0m
[ 50%] [34m[1mGenerating generated/cli_wait.cpp[0m
[ 52%] [34m[1mGenerating generated/if_const.cpp[0m
[ 55%] [34m[1mGenerating generated/if_list.cpp[0m
[ 57%] [34m[1mGenerating generated/if_new.cpp[0m
[ 60%] [34m[1mGenerating generated/pub_del.cpp[0m
[ 62%] [34m[1mGenerating generated/pub_new.cpp[0m
[ 65%] [34m[1mGenerating generated/pub_publish.cpp[0m
[ 67%] [34m[1mGenerating generated/srv_del.cpp[0m
[ 70%] [34m[1mGenerating generated/srv_new.cpp[0m
[ 72%] [34m[1mGenerating generated/sub_del.cpp[0m
[ 75%] [34m[1mGenerating generated/sub_new.cpp[0m
[ 75%] Built target generate_ros_code
[ 77%] [34m[1mGenerating generated/stubs.cpp, generated/stubs.h, generated/plugin.h, generated/stubsPlusPlus.cpp, generated/index.json, generated/reference.html, generated/typecheck.lua[0m
/home/jibacem/Programas/CoppeliaSim/programming/include/simStubsGen/generate.py --verbose --xml-file /home/jibacem/MASTER/TFM/ros2_ws/src/sim_ros2_interface/meta/callbacks.xml --gen-all /home/jibacem/MASTER/TFM/ros2_ws/build/sim_ros2_interface/generated --lua-file /home/jibacem/MASTER/TFM/ros2_ws/src/sim_ros2_interface/lua/simROS2.lua
/usr/bin/python3 /home/jibacem/Programas/CoppeliaSim/programming/include/simStubsGen/generate_lua_xml.py /home/jibacem/MASTER/TFM/ros2_ws/src/sim_ros2_interface/meta/callbacks.xml /home/jibacem/MASTER/TFM/ros2_ws/src/sim_ros2_interface/lua/simROS2.lua /home/jibacem/MASTER/TFM/ros2_ws/build/sim_ros2_interface/generated/lua.xml
/usr/bin/python3 /home/jibacem/Programas/CoppeliaSim/programming/include/simStubsGen/merge_xml.py /home/jibacem/MASTER/TFM/ros2_ws/src/sim_ros2_interface/meta/callbacks.xml /home/jibacem/MASTER/TFM/ros2_ws/build/sim_ros2_interface/generated/lua.xml /home/jibacem/MASTER/TFM/ros2_ws/build/sim_ros2_interface/generated/reference.xml
xsltproc -o /home/jibacem/MASTER/TFM/ros2_ws/build/sim_ros2_interface/generated/reference.html /home/jibacem/Programas/CoppeliaSim/programming/include/simStubsGen/xsl/reference.xsl /home/jibacem/MASTER/TFM/ros2_ws/build/sim_ros2_interface/generated/reference.xml
/usr/bin/python3 /home/jibacem/Programas/CoppeliaSim/programming/include/simStubsGen/generate_lua_typechecker.py /home/jibacem/MASTER/TFM/ros2_ws/src/sim_ros2_interface/meta/callbacks.xml /home/jibacem/MASTER/TFM/ros2_ws/src/sim_ros2_interface/lua/simROS2.lua /home/jibacem/MASTER/TFM/ros2_ws/build/sim_ros2_interface/generated/lua.xml /home/jibacem/MASTER/TFM/ros2_ws/build/sim_ros2_interface/generated/typecheck.lua
/usr/bin/python3 /home/jibacem/Programas/CoppeliaSim/programming/include/simStubsGen/generate_api_index.py /home/jibacem/MASTER/TFM/ros2_ws/build/sim_ros2_interface/generated/reference.xml /home/jibacem/MASTER/TFM/ros2_ws/build/sim_ros2_interface/generated/index.json
/usr/bin/python3 /home/jibacem/Programas/CoppeliaSim/programming/include/simStubsGen/generate_ce.py /home/jibacem/MASTER/TFM/ros2_ws/build/sim_ros2_interface/generated/reference.xml /home/jibacem/MASTER/TFM/ros2_ws/build/sim_ros2_interface/generated/ce.lua
/usr/bin/python3 /home/jibacem/Programas/CoppeliaSim/programming/include/simStubsGen/external/pycpp/pycpp.py -p xml_file=/home/jibacem/MASTER/TFM/ros2_ws/src/sim_ros2_interface/meta/callbacks.xml -P /home/jibacem/Programas/CoppeliaSim/programming/include/simStubsGen -i /home/jibacem/Programas/CoppeliaSim/programming/include/simStubsGen/cpp/stubs.cpp -o /home/jibacem/MASTER/TFM/ros2_ws/build/sim_ros2_interface/generated/stubs.cpp
/usr/bin/python3 /home/jibacem/Programas/CoppeliaSim/programming/include/simStubsGen/external/pycpp/pycpp.py -p xml_file=/home/jibacem/MASTER/TFM/ros2_ws/src/sim_ros2_interface/meta/callbacks.xml -P /home/jibacem/Programas/CoppeliaSim/programming/include/simStubsGen -i /home/jibacem/Programas/CoppeliaSim/programming/include/simStubsGen/cpp/stubs.h -o /home/jibacem/MASTER/TFM/ros2_ws/build/sim_ros2_interface/generated/stubs.h
/usr/bin/python3 /home/jibacem/Programas/CoppeliaSim/programming/include/simStubsGen/external/pycpp/pycpp.py -p xml_file=/home/jibacem/MASTER/TFM/ros2_ws/src/sim_ros2_interface/meta/callbacks.xml -P /home/jibacem/Programas/CoppeliaSim/programming/include/simStubsGen -i /home/jibacem/Programas/CoppeliaSim/programming/include/simStubsGen/cpp/plugin.h -o /home/jibacem/MASTER/TFM/ros2_ws/build/sim_ros2_interface/generated/plugin.h
/usr/bin/python3 /home/jibacem/Programas/CoppeliaSim/programming/include/simStubsGen/external/pycpp/pycpp.py -p xml_file=/home/jibacem/MASTER/TFM/ros2_ws/src/sim_ros2_interface/meta/callbacks.xml -P /home/jibacem/Programas/CoppeliaSim/programming/include/simStubsGen -i /home/jibacem/Programas/CoppeliaSim/programming/include/simStubsGen/cpp/stubsPlusPlus.cpp -o /home/jibacem/MASTER/TFM/ros2_ws/build/sim_ros2_interface/generated/stubsPlusPlus.cpp
[ 80%] [32mBuilding CXX object CMakeFiles/simROS2.dir/src/ros_msg_builtin_io.cpp.o[0m
[ 85%] [32mBuilding CXX object CMakeFiles/simROS2.dir/home/jibacem/Programas/CoppeliaSim/programming/include/simLib/simLib.cpp.o[0m
[ 85%] [32mBuilding CXX object CMakeFiles/simROS2.dir/generated/stubs.cpp.o[0m
[ 87%] [32mBuilding CXX object CMakeFiles/simROS2.dir/home/jibacem/Programas/CoppeliaSim/programming/include/simPlusPlus/Plugin.cpp.o[0m
[ 90%] [32mBuilding CXX object CMakeFiles/simROS2.dir/home/jibacem/Programas/CoppeliaSim/programming/include/simPlusPlus/Lib.cpp.o[0m
[ 92%] [32mBuilding CXX object CMakeFiles/simROS2.dir/src/sim_ros2_interface.cpp.o[0m
[ 95%] [32mBuilding CXX object CMakeFiles/simROS2.dir/generated/callbacks.cpp.o[0m
[ 97%] [32m[1mLinking CXX shared library libsimROS2.so[0m
[100%] Built target simROS2
-- Install configuration: ""
-- Execute custom install script
-- Symlinking: /home/jibacem/Programas/CoppeliaSim/lua/simROS2-typecheck.lua
-- Symlinking: /home/jibacem/Programas/CoppeliaSim/lua/simROS2.lua
-- Symlinking: /home/jibacem/Programas/CoppeliaSim/manual/en/simROS2.htm
-- Symlinking: /home/jibacem/Programas/CoppeliaSim/manual/index/simROS2.json
-- Symlinking: /home/jibacem/Programas/CoppeliaSim/lua/simROS2-ce.lua
-- Symlinking: /home/jibacem/Programas/CoppeliaSim/libsimROS2.so
-- Symlinking: /home/jibacem/MASTER/TFM/ros2_ws/install/sim_ros2_interface/share/ament_index/resource_index/package_run_dependencies/sim_ros2_interface
-- Symlinking: /home/jibacem/MASTER/TFM/ros2_ws/install/sim_ros2_interface/share/ament_index/resource_index/parent_prefix_path/sim_ros2_interface
-- Symlinking: /home/jibacem/MASTER/TFM/ros2_ws/install/sim_ros2_interface/share/sim_ros2_interface/environment/ament_prefix_path.sh
-- Symlinking: /home/jibacem/MASTER/TFM/ros2_ws/install/sim_ros2_interface/share/sim_ros2_interface/environment/ament_prefix_path.dsv
-- Symlinking: /home/jibacem/MASTER/TFM/ros2_ws/install/sim_ros2_interface/share/sim_ros2_interface/environment/path.sh
-- Symlinking: /home/jibacem/MASTER/TFM/ros2_ws/install/sim_ros2_interface/share/sim_ros2_interface/environment/path.dsv
-- Symlinking: /home/jibacem/MASTER/TFM/ros2_ws/install/sim_ros2_interface/share/sim_ros2_interface/local_setup.bash
-- Symlinking: /home/jibacem/MASTER/TFM/ros2_ws/install/sim_ros2_interface/share/sim_ros2_interface/local_setup.sh
-- Symlinking: /home/jibacem/MASTER/TFM/ros2_ws/install/sim_ros2_interface/share/sim_ros2_interface/local_setup.zsh
-- Symlinking: /home/jibacem/MASTER/TFM/ros2_ws/install/sim_ros2_interface/share/sim_ros2_interface/local_setup.dsv
-- Symlinking: /home/jibacem/MASTER/TFM/ros2_ws/install/sim_ros2_interface/share/sim_ros2_interface/package.dsv
-- Symlinking: /home/jibacem/MASTER/TFM/ros2_ws/install/sim_ros2_interface/share/ament_index/resource_index/packages/sim_ros2_interface
-- Symlinking: /home/jibacem/MASTER/TFM/ros2_ws/install/sim_ros2_interface/share/sim_ros2_interface/cmake/sim_ros2_interfaceConfig.cmake
-- Symlinking: /home/jibacem/MASTER/TFM/ros2_ws/install/sim_ros2_interface/share/sim_ros2_interface/cmake/sim_ros2_interfaceConfig-version.cmake
-- Symlinking: /home/jibacem/MASTER/TFM/ros2_ws/install/sim_ros2_interface/share/sim_ros2_interface/package.xml
