[0.010s] Invoking command in '/home/jibacem/MASTER/TFM/ros2_ws/build/sim_ros2_interface': CMAKE_PREFIX_PATH=${CMAKE_PREFIX_PATH}:/opt/ros/jazzy DEBUGINFOD_URLS=https://debuginfod.ubuntu.com /usr/bin/cmake /home/jibacem/MASTER/TFM/ros2_ws/src/sim_ros2_interface -DAMENT_CMAKE_SYMLINK_INSTALL=1 -DCMAKE_INSTALL_PREFIX=/home/jibacem/MASTER/TFM/ros2_ws/install/sim_ros2_interface
[0.072s] -- The C compiler identification is GNU 13.3.0
[0.141s] -- The CXX compiler identification is GNU 13.3.0
[0.159s] -- Detecting C compiler ABI info
[0.255s] -- Detecting C compiler ABI info - done
[0.268s] -- Check for working C compiler: /usr/bin/cc - skipped
[0.268s] -- Detecting C compile features
[0.269s] -- Detecting C compile features - done
[0.280s] -- Detecting CXX compiler ABI info
[0.390s] -- Detecting CXX compiler ABI info - done
[0.402s] -- Check for working CXX compiler: /usr/bin/c++ - skipped
[0.402s] -- Detecting CXX compile features
[0.403s] -- Detecting CXX compile features - done
[0.406s] -- Found ament_cmake: 2.5.4 (/opt/ros/jazzy/share/ament_cmake/cmake)
[0.577s] -- Found Python3: /usr/bin/python3 (found version "3.12.3") found components: Interpreter 
[0.663s] -- Override CMake install command with custom implementation using symlinks instead of copying resources
[0.697s] -- Found ament_cmake_ros: 0.12.0 (/opt/ros/jazzy/share/ament_cmake_ros/cmake)
[0.711s] -- Found diagnostic_msgs: 5.3.6 (/opt/ros/jazzy/share/diagnostic_msgs/cmake)
[0.757s] -- Found rosidl_generator_c: 4.6.5 (/opt/ros/jazzy/share/rosidl_generator_c/cmake)
[0.773s] -- Found rosidl_generator_cpp: 4.6.5 (/opt/ros/jazzy/share/rosidl_generator_cpp/cmake)
[0.791s] -- Using all available rosidl_typesupport_c: rosidl_typesupport_fastrtps_c;rosidl_typesupport_introspection_c
[0.815s] -- Using all available rosidl_typesupport_cpp: rosidl_typesupport_fastrtps_cpp;rosidl_typesupport_introspection_cpp
[0.898s] -- Found geometry_msgs: 5.3.6 (/opt/ros/jazzy/share/geometry_msgs/cmake)
[0.919s] -- Found lifecycle_msgs: 2.0.2 (/opt/ros/jazzy/share/lifecycle_msgs/cmake)
[0.950s] -- Found map_msgs: 2.4.1 (/opt/ros/jazzy/share/map_msgs/cmake)
[1.072s] -- Found pendulum_msgs: 0.33.5 (/opt/ros/jazzy/share/pendulum_msgs/cmake)
[1.092s] -- Found rosgraph_msgs: 2.0.2 (/opt/ros/jazzy/share/rosgraph_msgs/cmake)
[1.112s] -- Found shape_msgs: 5.3.6 (/opt/ros/jazzy/share/shape_msgs/cmake)
[1.135s] -- Found stereo_msgs: 5.3.6 (/opt/ros/jazzy/share/stereo_msgs/cmake)
[1.165s] -- Found tf2_geometry_msgs: 0.36.12 (/opt/ros/jazzy/share/tf2_geometry_msgs/cmake)
[1.181s] -- Found eigen3_cmake_module: 0.3.0 (/opt/ros/jazzy/share/eigen3_cmake_module/cmake)
[1.183s] -- Found Eigen3: TRUE (found version "3.4.0") 
[1.183s] -- Ensuring Eigen3 include directory is part of orocos-kdl CMake target
[1.304s] -- Found rmw_implementation_cmake: 7.3.2 (/opt/ros/jazzy/share/rmw_implementation_cmake/cmake)
[1.307s] -- Found rmw_fastrtps_cpp: 8.4.2 (/opt/ros/jazzy/share/rmw_fastrtps_cpp/cmake)
[1.393s] -- Found OpenSSL: /usr/lib/x86_64-linux-gnu/libcrypto.so (found version "3.0.13")  
[1.419s] -- Found FastRTPS: /opt/ros/jazzy/include (Required is at least version "2.13") 
[1.450s] -- Using RMW implementation 'rmw_fastrtps_cpp' as default
[1.638s] -- Found trajectory_msgs: 5.3.6 (/opt/ros/jazzy/share/trajectory_msgs/cmake)
[1.667s] -- Found visualization_msgs: 5.3.6 (/opt/ros/jazzy/share/visualization_msgs/cmake)
[1.706s] -- Found std_srvs: 5.3.6 (/opt/ros/jazzy/share/std_srvs/cmake)
[1.729s] -- Found example_interfaces: 0.12.0 (/opt/ros/jazzy/share/example_interfaces/cmake)
[1.756s] -- Found image_transport: 5.1.7 (/opt/ros/jazzy/share/image_transport/cmake)
[1.767s] -- CoppeliaSim: COPPELIASIM_INCLUDE_DIR: /home/jibacem/Programas/CoppeliaSim/programming/include
[1.767s] -- CoppeliaSim: COPPELIASIM_ROOT_DIR: /home/jibacem/Programas/CoppeliaSim
[1.768s] -- Checking CoppeliaSim header version...
[2.184s] -- CoppeliaSim headers version 4.10.0 rev0
[2.184s] -- CoppeliaSim: COPPELIASIM_RESOURCES_DIR: /home/jibacem/Programas/CoppeliaSim
[2.185s] -- CoppeliaSim: COPPELIASIM_PLUGINS_DIR: /home/jibacem/Programas/CoppeliaSim
[2.185s] -- CoppeliaSim: COPPELIASIM_EXECUTABLES_DIR: /home/jibacem/Programas/CoppeliaSim
[2.185s] -- CoppeliaSim: COPPELIASIM_LIBRARIES_DIR: /home/jibacem/Programas/CoppeliaSim
[2.185s] -- CoppeliaSim: COPPELIASIM_ADDONS_DIR: /home/jibacem/Programas/CoppeliaSim/addOns
[2.185s] -- CoppeliaSim: COPPELIASIM_MANUAL_DIR: /home/jibacem/Programas/CoppeliaSim/manual
[2.185s] -- CoppeliaSim: COPPELIASIM_MODELS_DIR: /home/jibacem/Programas/CoppeliaSim/models
[2.185s] -- CoppeliaSim: COPPELIASIM_SCENES_DIR: /home/jibacem/Programas/CoppeliaSim/scenes
[2.185s] -- CoppeliaSim: COPPELIASIM_LUA_DIR: /home/jibacem/Programas/CoppeliaSim/lua
[2.185s] -- CoppeliaSim: COPPELIASIM_PYTHON_DIR: /home/jibacem/Programas/CoppeliaSim/python
[2.185s] -- CoppeliaSim: COPPELIASIM_EXECUTABLE: /home/jibacem/Programas/CoppeliaSim/coppeliaSim
[2.196s] -- Found Boost: /usr/lib/x86_64-linux-gnu/cmake/Boost-1.83.0/BoostConfig.cmake (found version "1.83.0") found components: regex 
[2.201s] -- Found Git: /usr/bin/git (found version "2.43.0") 
[2.374s] -- Found Boost: /usr/lib/x86_64-linux-gnu/cmake/Boost-1.83.0/BoostConfig.cmake (found version "1.83.0")  
[2.375s] -- Adding simStubsGen command...
[2.536s] -- Reading plugin metadata...
[3.551s] -- Plugin: simROS2
[3.674s] -- Configuring done (3.7s)
[3.709s] -- Generating done (0.0s)
[3.717s] -- Build files have been written to: /home/jibacem/MASTER/TFM/ros2_ws/build/sim_ros2_interface
[3.736s] Invoked command in '/home/jibacem/MASTER/TFM/ros2_ws/build/sim_ros2_interface' returned '0': CMAKE_PREFIX_PATH=${CMAKE_PREFIX_PATH}:/opt/ros/jazzy DEBUGINFOD_URLS=https://debuginfod.ubuntu.com /usr/bin/cmake /home/jibacem/MASTER/TFM/ros2_ws/src/sim_ros2_interface -DAMENT_CMAKE_SYMLINK_INSTALL=1 -DCMAKE_INSTALL_PREFIX=/home/jibacem/MASTER/TFM/ros2_ws/install/sim_ros2_interface
[3.738s] Invoking command in '/home/jibacem/MASTER/TFM/ros2_ws/build/sim_ros2_interface': CMAKE_PREFIX_PATH=${CMAKE_PREFIX_PATH}:/opt/ros/jazzy DEBUGINFOD_URLS=https://debuginfod.ubuntu.com /usr/bin/cmake --build /home/jibacem/MASTER/TFM/ros2_ws/build/sim_ros2_interface -- -j8 -l8
[3.806s] [ 15%] [34m[1mGenerating generated/actsrv_action_abort.cpp[0m
[3.807s] [ 15%] [34m[1mGenerating generated/actcli_sendGoal.cpp[0m
[3.807s] [ 15%] [34m[1mGenerating generated/actsrv_action_is_active.cpp[0m
[3.807s] [ 15%] [34m[1mGenerating generated/actcli_new.cpp[0m
[3.807s] [ 15%] [34m[1mGenerating generated/actcli_cancelLastGoal.cpp[0m
[3.808s] [ 17%] [34m[1mGenerating generated/actsrv_action_canceled.cpp[0m
[3.808s] [ 15%] [34m[1mGenerating generated/actcli_del.cpp[0m
[3.808s] [ 20%] [34m[1mGenerating generated/actsrv_action_execute.cpp[0m
[4.167s] [ 22%] [34m[1mGenerating generated/actsrv_action_is_canceling.cpp[0m
[4.167s] [ 25%] [34m[1mGenerating generated/actsrv_action_is_executing.cpp[0m
[4.180s] [ 27%] [34m[1mGenerating generated/actsrv_action_publish_feedback.cpp[0m
[4.182s] [ 30%] [34m[1mGenerating generated/actsrv_action_succeed.cpp[0m
[4.182s] [ 32%] [34m[1mGenerating generated/actsrv_new.cpp[0m
[4.183s] [ 35%] [34m[1mGenerating generated/actsrv_del.cpp[0m
[4.199s] [ 37%] [34m[1mGenerating generated/callbacks.cpp[0m
[4.207s] [ 40%] [34m[1mGenerating generated/callbacks.h[0m
[4.520s] [ 42%] [34m[1mGenerating generated/cli_call.cpp[0m
[4.529s] [ 45%] [34m[1mGenerating generated/cli_del.cpp[0m
[4.542s] [ 47%] [34m[1mGenerating generated/cli_new.cpp[0m
[4.564s] [ 50%] [34m[1mGenerating generated/cli_wait.cpp[0m
[4.571s] [ 52%] [34m[1mGenerating generated/if_const.cpp[0m
[4.600s] [ 55%] [34m[1mGenerating generated/if_list.cpp[0m
[4.603s] [ 57%] [34m[1mGenerating generated/if_new.cpp[0m
[4.615s] [ 60%] [34m[1mGenerating generated/pub_del.cpp[0m
[4.892s] [ 62%] [34m[1mGenerating generated/pub_new.cpp[0m
[4.899s] [ 65%] [34m[1mGenerating generated/pub_publish.cpp[0m
[4.903s] [ 67%] [34m[1mGenerating generated/srv_del.cpp[0m
[4.942s] [ 70%] [34m[1mGenerating generated/srv_new.cpp[0m
[4.956s] [ 72%] [34m[1mGenerating generated/sub_del.cpp[0m
[4.962s] [ 75%] [34m[1mGenerating generated/sub_new.cpp[0m
[5.281s] [ 75%] Built target generate_ros_code
[5.293s] [ 77%] [34m[1mGenerating generated/stubs.cpp, generated/stubs.h, generated/plugin.h, generated/stubsPlusPlus.cpp, generated/index.json, generated/reference.html, generated/typecheck.lua[0m
[5.334s] /home/jibacem/Programas/CoppeliaSim/programming/include/simStubsGen/generate.py --verbose --xml-file /home/jibacem/MASTER/TFM/ros2_ws/src/sim_ros2_interface/meta/callbacks.xml --gen-all /home/jibacem/MASTER/TFM/ros2_ws/build/sim_ros2_interface/generated --lua-file /home/jibacem/MASTER/TFM/ros2_ws/src/sim_ros2_interface/lua/simROS2.lua
[5.745s] /usr/bin/python3 /home/jibacem/Programas/CoppeliaSim/programming/include/simStubsGen/generate_lua_xml.py /home/jibacem/MASTER/TFM/ros2_ws/src/sim_ros2_interface/meta/callbacks.xml /home/jibacem/MASTER/TFM/ros2_ws/src/sim_ros2_interface/lua/simROS2.lua /home/jibacem/MASTER/TFM/ros2_ws/build/sim_ros2_interface/generated/lua.xml
[6.248s] /usr/bin/python3 /home/jibacem/Programas/CoppeliaSim/programming/include/simStubsGen/merge_xml.py /home/jibacem/MASTER/TFM/ros2_ws/src/sim_ros2_interface/meta/callbacks.xml /home/jibacem/MASTER/TFM/ros2_ws/build/sim_ros2_interface/generated/lua.xml /home/jibacem/MASTER/TFM/ros2_ws/build/sim_ros2_interface/generated/reference.xml
[6.290s] xsltproc -o /home/jibacem/MASTER/TFM/ros2_ws/build/sim_ros2_interface/generated/reference.html /home/jibacem/Programas/CoppeliaSim/programming/include/simStubsGen/xsl/reference.xsl /home/jibacem/MASTER/TFM/ros2_ws/build/sim_ros2_interface/generated/reference.xml
[6.316s] /usr/bin/python3 /home/jibacem/Programas/CoppeliaSim/programming/include/simStubsGen/generate_lua_typechecker.py /home/jibacem/MASTER/TFM/ros2_ws/src/sim_ros2_interface/meta/callbacks.xml /home/jibacem/MASTER/TFM/ros2_ws/src/sim_ros2_interface/lua/simROS2.lua /home/jibacem/MASTER/TFM/ros2_ws/build/sim_ros2_interface/generated/lua.xml /home/jibacem/MASTER/TFM/ros2_ws/build/sim_ros2_interface/generated/typecheck.lua
[6.841s] /usr/bin/python3 /home/jibacem/Programas/CoppeliaSim/programming/include/simStubsGen/generate_api_index.py /home/jibacem/MASTER/TFM/ros2_ws/build/sim_ros2_interface/generated/reference.xml /home/jibacem/MASTER/TFM/ros2_ws/build/sim_ros2_interface/generated/index.json
[7.340s] /usr/bin/python3 /home/jibacem/Programas/CoppeliaSim/programming/include/simStubsGen/generate_ce.py /home/jibacem/MASTER/TFM/ros2_ws/build/sim_ros2_interface/generated/reference.xml /home/jibacem/MASTER/TFM/ros2_ws/build/sim_ros2_interface/generated/ce.lua
[7.836s] /usr/bin/python3 /home/jibacem/Programas/CoppeliaSim/programming/include/simStubsGen/external/pycpp/pycpp.py -p xml_file=/home/jibacem/MASTER/TFM/ros2_ws/src/sim_ros2_interface/meta/callbacks.xml -P /home/jibacem/Programas/CoppeliaSim/programming/include/simStubsGen -i /home/jibacem/Programas/CoppeliaSim/programming/include/simStubsGen/cpp/stubs.cpp -o /home/jibacem/MASTER/TFM/ros2_ws/build/sim_ros2_interface/generated/stubs.cpp
[8.353s] /usr/bin/python3 /home/jibacem/Programas/CoppeliaSim/programming/include/simStubsGen/external/pycpp/pycpp.py -p xml_file=/home/jibacem/MASTER/TFM/ros2_ws/src/sim_ros2_interface/meta/callbacks.xml -P /home/jibacem/Programas/CoppeliaSim/programming/include/simStubsGen -i /home/jibacem/Programas/CoppeliaSim/programming/include/simStubsGen/cpp/stubs.h -o /home/jibacem/MASTER/TFM/ros2_ws/build/sim_ros2_interface/generated/stubs.h
[8.871s] /usr/bin/python3 /home/jibacem/Programas/CoppeliaSim/programming/include/simStubsGen/external/pycpp/pycpp.py -p xml_file=/home/jibacem/MASTER/TFM/ros2_ws/src/sim_ros2_interface/meta/callbacks.xml -P /home/jibacem/Programas/CoppeliaSim/programming/include/simStubsGen -i /home/jibacem/Programas/CoppeliaSim/programming/include/simStubsGen/cpp/plugin.h -o /home/jibacem/MASTER/TFM/ros2_ws/build/sim_ros2_interface/generated/plugin.h
[9.373s] /usr/bin/python3 /home/jibacem/Programas/CoppeliaSim/programming/include/simStubsGen/external/pycpp/pycpp.py -p xml_file=/home/jibacem/MASTER/TFM/ros2_ws/src/sim_ros2_interface/meta/callbacks.xml -P /home/jibacem/Programas/CoppeliaSim/programming/include/simStubsGen -i /home/jibacem/Programas/CoppeliaSim/programming/include/simStubsGen/cpp/stubsPlusPlus.cpp -o /home/jibacem/MASTER/TFM/ros2_ws/build/sim_ros2_interface/generated/stubsPlusPlus.cpp
[9.979s] [ 80%] [32mBuilding CXX object CMakeFiles/simROS2.dir/src/ros_msg_builtin_io.cpp.o[0m
[9.979s] [ 85%] [32mBuilding CXX object CMakeFiles/simROS2.dir/home/jibacem/Programas/CoppeliaSim/programming/include/simLib/simLib.cpp.o[0m
[9.980s] [ 85%] [32mBuilding CXX object CMakeFiles/simROS2.dir/generated/stubs.cpp.o[0m
[9.980s] [ 87%] [32mBuilding CXX object CMakeFiles/simROS2.dir/home/jibacem/Programas/CoppeliaSim/programming/include/simPlusPlus/Plugin.cpp.o[0m
[9.980s] [ 90%] [32mBuilding CXX object CMakeFiles/simROS2.dir/home/jibacem/Programas/CoppeliaSim/programming/include/simPlusPlus/Lib.cpp.o[0m
[9.980s] [ 92%] [32mBuilding CXX object CMakeFiles/simROS2.dir/src/sim_ros2_interface.cpp.o[0m
[9.981s] [ 95%] [32mBuilding CXX object CMakeFiles/simROS2.dir/generated/callbacks.cpp.o[0m
[138.701s] [ 97%] [32m[1mLinking CXX shared library libsimROS2.so[0m
[146.588s] [100%] Built target simROS2
[146.601s] Invoked command in '/home/jibacem/MASTER/TFM/ros2_ws/build/sim_ros2_interface' returned '0': CMAKE_PREFIX_PATH=${CMAKE_PREFIX_PATH}:/opt/ros/jazzy DEBUGINFOD_URLS=https://debuginfod.ubuntu.com /usr/bin/cmake --build /home/jibacem/MASTER/TFM/ros2_ws/build/sim_ros2_interface -- -j8 -l8
[146.612s] Invoking command in '/home/jibacem/MASTER/TFM/ros2_ws/build/sim_ros2_interface': CMAKE_PREFIX_PATH=${CMAKE_PREFIX_PATH}:/opt/ros/jazzy DEBUGINFOD_URLS=https://debuginfod.ubuntu.com /usr/bin/cmake --install /home/jibacem/MASTER/TFM/ros2_ws/build/sim_ros2_interface
[146.621s] -- Install configuration: ""
[146.621s] -- Execute custom install script
[146.621s] -- Symlinking: /home/jibacem/Programas/CoppeliaSim/lua/simROS2-typecheck.lua
[146.633s] -- Symlinking: /home/jibacem/Programas/CoppeliaSim/lua/simROS2.lua
[146.644s] -- Symlinking: /home/jibacem/Programas/CoppeliaSim/manual/en/simROS2.htm
[146.655s] -- Symlinking: /home/jibacem/Programas/CoppeliaSim/manual/index/simROS2.json
[146.666s] -- Symlinking: /home/jibacem/Programas/CoppeliaSim/lua/simROS2-ce.lua
[146.675s] -- Symlinking: /home/jibacem/Programas/CoppeliaSim/libsimROS2.so
[146.688s] -- Symlinking: /home/jibacem/MASTER/TFM/ros2_ws/install/sim_ros2_interface/share/ament_index/resource_index/package_run_dependencies/sim_ros2_interface
[146.700s] -- Symlinking: /home/jibacem/MASTER/TFM/ros2_ws/install/sim_ros2_interface/share/ament_index/resource_index/parent_prefix_path/sim_ros2_interface
[146.711s] -- Symlinking: /home/jibacem/MASTER/TFM/ros2_ws/install/sim_ros2_interface/share/sim_ros2_interface/environment/ament_prefix_path.sh
[146.722s] -- Symlinking: /home/jibacem/MASTER/TFM/ros2_ws/install/sim_ros2_interface/share/sim_ros2_interface/environment/ament_prefix_path.dsv
[146.733s] -- Symlinking: /home/jibacem/MASTER/TFM/ros2_ws/install/sim_ros2_interface/share/sim_ros2_interface/environment/path.sh
[146.744s] -- Symlinking: /home/jibacem/MASTER/TFM/ros2_ws/install/sim_ros2_interface/share/sim_ros2_interface/environment/path.dsv
[146.756s] -- Symlinking: /home/jibacem/MASTER/TFM/ros2_ws/install/sim_ros2_interface/share/sim_ros2_interface/local_setup.bash
[146.766s] -- Symlinking: /home/jibacem/MASTER/TFM/ros2_ws/install/sim_ros2_interface/share/sim_ros2_interface/local_setup.sh
[146.776s] -- Symlinking: /home/jibacem/MASTER/TFM/ros2_ws/install/sim_ros2_interface/share/sim_ros2_interface/local_setup.zsh
[146.788s] -- Symlinking: /home/jibacem/MASTER/TFM/ros2_ws/install/sim_ros2_interface/share/sim_ros2_interface/local_setup.dsv
[146.798s] -- Symlinking: /home/jibacem/MASTER/TFM/ros2_ws/install/sim_ros2_interface/share/sim_ros2_interface/package.dsv
[146.808s] -- Symlinking: /home/jibacem/MASTER/TFM/ros2_ws/install/sim_ros2_interface/share/ament_index/resource_index/packages/sim_ros2_interface
[146.819s] -- Symlinking: /home/jibacem/MASTER/TFM/ros2_ws/install/sim_ros2_interface/share/sim_ros2_interface/cmake/sim_ros2_interfaceConfig.cmake
[146.830s] -- Symlinking: /home/jibacem/MASTER/TFM/ros2_ws/install/sim_ros2_interface/share/sim_ros2_interface/cmake/sim_ros2_interfaceConfig-version.cmake
[146.841s] -- Symlinking: /home/jibacem/MASTER/TFM/ros2_ws/install/sim_ros2_interface/share/sim_ros2_interface/package.xml
[146.854s] Invoked command in '/home/jibacem/MASTER/TFM/ros2_ws/build/sim_ros2_interface' returned '0': CMAKE_PREFIX_PATH=${CMAKE_PREFIX_PATH}:/opt/ros/jazzy DEBUGINFOD_URLS=https://debuginfod.ubuntu.com /usr/bin/cmake --install /home/jibacem/MASTER/TFM/ros2_ws/build/sim_ros2_interface
