[0.012s] Invoking command in '/home/jibacem/MASTER/TFM/ros2_ws/build/controlador_plataforma': CMAKE_PREFIX_PATH=${CMAKE_PREFIX_PATH}:/opt/ros/jazzy DEBUGINFOD_URLS=https://debuginfod.ubuntu.com /usr/bin/cmake --build /home/jibacem/MASTER/TFM/ros2_ws/build/controlador_plataforma -- -j8 -l8
[0.081s] [100%] Built target controlador_plataforma_node
[0.094s] Invoked command in '/home/jibacem/MASTER/TFM/ros2_ws/build/controlador_plataforma' returned '0': CMAKE_PREFIX_PATH=${CMAKE_PREFIX_PATH}:/opt/ros/jazzy DEBUGINFOD_URLS=https://debuginfod.ubuntu.com /usr/bin/cmake --build /home/jibacem/MASTER/TFM/ros2_ws/build/controlador_plataforma -- -j8 -l8
[0.105s] Invoking command in '/home/jibacem/MASTER/TFM/ros2_ws/build/controlador_plataforma': CMAKE_PREFIX_PATH=${CMAKE_PREFIX_PATH}:/opt/ros/jazzy DEBUGINFOD_URLS=https://debuginfod.ubuntu.com /usr/bin/cmake --install /home/jibacem/MASTER/TFM/ros2_ws/build/controlador_plataforma
[0.115s] -- Install configuration: ""
[0.115s] -- Up-to-date: /home/jibacem/MASTER/TFM/ros2_ws/install/controlador_plataforma/lib/controlador_plataforma/controlador_plataforma_node
[0.115s] -- Up-to-date: /home/jibacem/MASTER/TFM/ros2_ws/install/controlador_plataforma/share/ament_index/resource_index/package_run_dependencies/controlador_plataforma
[0.115s] -- Up-to-date: /home/jibacem/MASTER/TFM/ros2_ws/install/controlador_plataforma/share/ament_index/resource_index/parent_prefix_path/controlador_plataforma
[0.115s] -- Up-to-date: /home/jibacem/MASTER/TFM/ros2_ws/install/controlador_plataforma/share/controlador_plataforma/environment/ament_prefix_path.sh
[0.115s] -- Up-to-date: /home/jibacem/MASTER/TFM/ros2_ws/install/controlador_plataforma/share/controlador_plataforma/environment/ament_prefix_path.dsv
[0.116s] -- Up-to-date: /home/jibacem/MASTER/TFM/ros2_ws/install/controlador_plataforma/share/controlador_plataforma/environment/path.sh
[0.116s] -- Up-to-date: /home/jibacem/MASTER/TFM/ros2_ws/install/controlador_plataforma/share/controlador_plataforma/environment/path.dsv
[0.116s] -- Up-to-date: /home/jibacem/MASTER/TFM/ros2_ws/install/controlador_plataforma/share/controlador_plataforma/local_setup.bash
[0.116s] -- Up-to-date: /home/jibacem/MASTER/TFM/ros2_ws/install/controlador_plataforma/share/controlador_plataforma/local_setup.sh
[0.116s] -- Up-to-date: /home/jibacem/MASTER/TFM/ros2_ws/install/controlador_plataforma/share/controlador_plataforma/local_setup.zsh
[0.116s] -- Up-to-date: /home/jibacem/MASTER/TFM/ros2_ws/install/controlador_plataforma/share/controlador_plataforma/local_setup.dsv
[0.116s] -- Installing: /home/jibacem/MASTER/TFM/ros2_ws/install/controlador_plataforma/share/controlador_plataforma/package.dsv
[0.116s] -- Up-to-date: /home/jibacem/MASTER/TFM/ros2_ws/install/controlador_plataforma/share/ament_index/resource_index/packages/controlador_plataforma
[0.116s] -- Up-to-date: /home/jibacem/MASTER/TFM/ros2_ws/install/controlador_plataforma/share/controlador_plataforma/cmake/controlador_plataformaConfig.cmake
[0.116s] -- Up-to-date: /home/jibacem/MASTER/TFM/ros2_ws/install/controlador_plataforma/share/controlador_plataforma/cmake/controlador_plataformaConfig-version.cmake
[0.116s] -- Up-to-date: /home/jibacem/MASTER/TFM/ros2_ws/install/controlador_plataforma/share/controlador_plataforma/package.xml
[0.118s] Invoked command in '/home/jibacem/MASTER/TFM/ros2_ws/build/controlador_plataforma' returned '0': CMAKE_PREFIX_PATH=${CMAKE_PREFIX_PATH}:/opt/ros/jazzy DEBUGINFOD_URLS=https://debuginfod.ubuntu.com /usr/bin/cmake --install /home/jibacem/MASTER/TFM/ros2_ws/build/controlador_plataforma
